<?xml version="1.0" encoding="UTF-8"?>
<testsuite xmlns:xsi="http://www.w3.org/2001/XMLSchema-instance" xsi:noNamespaceSchemaLocation="https://maven.apache.org/surefire/maven-surefire-plugin/xsd/surefire-test-report-3.0.xsd" version="3.0" name="com.devsu.administracionclientes.controladores.ClienteControladorTest" time="1.027" tests="2" errors="0" skipped="0" failures="0">
  <properties>
[...]
</properties>
  <testcase name="testGetClienteById" classname="com.devsu.administracionclientes.controladores.ClienteControladorTest" time="0.183">
    <system-out><![CDATA[2024-07-29T01:34:52.691-05:00  INFO 26384 --- [           main] t.c.s.AnnotationConfigContextLoaderUtils : Could not detect default configuration classes for test class [com.devsu.administracionclientes.controladores.ClienteControladorTest]: ClienteControladorTest does not declare any static, non-private, non-final, nested classes annotated with @Configuration.
2024-07-29T01:34:52.730-05:00  INFO 26384 --- [           main] .b.t.c.SpringBootTestContextBootstrapper : Found @SpringBootConfiguration com.devsu.administracionclientes.AdministracionClientesApplication for test class com.devsu.administracionclientes.controladores.ClienteControladorTest

  .   ____          _            __ _ _
 /\\ / ___'_ __ _ _(_)_ __  __ _ \ \ \ \
( ( )\___ | '_ | '_| | '_ \/ _` | \ \ \ \
 \\/  ___)| |_)| | | | | || (_| |  ) ) ) )
  '  |____| .__|_| |_|_| |_\__, | / / / /
 =========|_|==============|___/=/_/_/_/

 :: Spring Boot ::                (v3.3.2)

2024-07-29T01:34:52.765-05:00  INFO 26384 --- [           main] c.d.a.c.ClienteControladorTest           : Starting ClienteControladorTest using Java 17.0.11 with PID 26384 (started by genar in D:\Pruebas-Dev\pruebas-dev\administracion-clientes)
2024-07-29T01:34:52.766-05:00  INFO 26384 --- [           main] c.d.a.c.ClienteControladorTest           : No active profile set, falling back to 1 default profile: "default"
2024-07-29T01:34:53.489-05:00  INFO 26384 --- [           main] c.d.a.c.ClienteControladorTest           : Started ClienteControladorTest in 0.755 seconds (process running for 12.03)
]]></system-out>
  </testcase>
  <testcase name="testCreateCliente" classname="com.devsu.administracionclientes.controladores.ClienteControladorTest" time="0.023"/>
</testsuite>